{"/home/khuraijam/Microverse/Module2/To-do-List/src/modules/addTaskItem.js": {"path":"/home/khuraijam/Microverse/Module2/To-do-List/src/modules/addTaskItem.js","statementMap":{"0":{"start":{"line":5,"column":20},"end":{"line":9,"column":1}},"1":{"start":{"line":6,"column":2},"end":{"line":6,"column":32}},"2":{"start":{"line":7,"column":2},"end":{"line":7,"column":14}},"3":{"start":{"line":8,"column":2},"end":{"line":8,"column":37}}},"fnMap":{"0":{"name":"(anonymous_0)","decl":{"start":{"line":5,"column":20},"end":{"line":5,"column":21}},"loc":{"start":{"line":5,"column":37},"end":{"line":9,"column":1}},"line":5}},"branchMap":{},"s":{"0":1,"1":2,"2":2,"3":2},"f":{"0":2},"b":{},"_coverageSchema":"1a1c01bbd47fc00a2c39e90264f33305004495a9","hash":"60de93e494961e7ef032744065aaded00ebbc3e1"}
,"/home/khuraijam/Microverse/Module2/To-do-List/src/modules/appendTaskUL.js": {"path":"/home/khuraijam/Microverse/Module2/To-do-List/src/modules/appendTaskUL.js","statementMap":{"0":{"start":{"line":4,"column":21},"end":{"line":8,"column":1}},"1":{"start":{"line":5,"column":18},"end":{"line":5,"column":53}},"2":{"start":{"line":6,"column":2},"end":{"line":6,"column":45}},"3":{"start":{"line":7,"column":2},"end":{"line":7,"column":24}}},"fnMap":{"0":{"name":"(anonymous_0)","decl":{"start":{"line":4,"column":21},"end":{"line":4,"column":22}},"loc":{"start":{"line":4,"column":31},"end":{"line":8,"column":1}},"line":4}},"branchMap":{},"s":{"0":1,"1":2,"2":2,"3":2},"f":{"0":2},"b":{},"_coverageSchema":"1a1c01bbd47fc00a2c39e90264f33305004495a9","hash":"1c245304311aa9c38a5944b014969e1bf375e893"}
,"/home/khuraijam/Microverse/Module2/To-do-List/src/modules/compileTaskCard.js": {"path":"/home/khuraijam/Microverse/Module2/To-do-List/src/modules/compileTaskCard.js","statementMap":{"0":{"start":{"line":1,"column":24},"end":{"line":28,"column":1}},"1":{"start":{"line":3,"column":17},"end":{"line":3,"column":45}},"2":{"start":{"line":4,"column":2},"end":{"line":4,"column":35}},"3":{"start":{"line":5,"column":2},"end":{"line":5,"column":29}},"4":{"start":{"line":7,"column":19},"end":{"line":7,"column":50}},"5":{"start":{"line":8,"column":2},"end":{"line":8,"column":29}},"6":{"start":{"line":9,"column":2},"end":{"line":9,"column":36}},"7":{"start":{"line":10,"column":2},"end":{"line":10,"column":27}},"8":{"start":{"line":12,"column":20},"end":{"line":12,"column":51}},"9":{"start":{"line":13,"column":2},"end":{"line":13,"column":38}},"10":{"start":{"line":14,"column":2},"end":{"line":14,"column":26}},"11":{"start":{"line":15,"column":2},"end":{"line":15,"column":37}},"12":{"start":{"line":16,"column":2},"end":{"line":16,"column":36}},"13":{"start":{"line":18,"column":15},"end":{"line":18,"column":42}},"14":{"start":{"line":19,"column":2},"end":{"line":24,"column":3}},"15":{"start":{"line":20,"column":4},"end":{"line":20,"column":55}},"16":{"start":{"line":21,"column":4},"end":{"line":21,"column":41}},"17":{"start":{"line":23,"column":4},"end":{"line":23,"column":68}},"18":{"start":{"line":25,"column":2},"end":{"line":25,"column":33}},"19":{"start":{"line":26,"column":2},"end":{"line":26,"column":43}},"20":{"start":{"line":27,"column":2},"end":{"line":27,"column":16}}},"fnMap":{"0":{"name":"(anonymous_0)","decl":{"start":{"line":1,"column":24},"end":{"line":1,"column":25}},"loc":{"start":{"line":1,"column":34},"end":{"line":28,"column":1}},"line":1}},"branchMap":{"0":{"loc":{"start":{"line":19,"column":2},"end":{"line":24,"column":3}},"type":"if","locations":[{"start":{"line":19,"column":2},"end":{"line":24,"column":3}},{"start":{"line":22,"column":9},"end":{"line":24,"column":3}}],"line":19}},"s":{"0":1,"1":2,"2":2,"3":2,"4":2,"5":2,"6":2,"7":2,"8":2,"9":2,"10":2,"11":2,"12":2,"13":2,"14":2,"15":0,"16":0,"17":2,"18":2,"19":2,"20":2},"f":{"0":2},"b":{"0":[0,2]},"_coverageSchema":"1a1c01bbd47fc00a2c39e90264f33305004495a9","hash":"7bf4f18acae583729b75760c62af51a1612f205d"}
,"/home/khuraijam/Microverse/Module2/To-do-List/src/modules/removeTaskItem.js": {"path":"/home/khuraijam/Microverse/Module2/To-do-List/src/modules/removeTaskItem.js","statementMap":{"0":{"start":{"line":4,"column":24},"end":{"line":15,"column":1}},"1":{"start":{"line":5,"column":2},"end":{"line":14,"column":3}},"2":{"start":{"line":5,"column":15},"end":{"line":5,"column":24}},"3":{"start":{"line":6,"column":15},"end":{"line":6,"column":51}},"4":{"start":{"line":7,"column":22},"end":{"line":7,"column":58}},"5":{"start":{"line":8,"column":19},"end":{"line":8,"column":50}},"6":{"start":{"line":9,"column":17},"end":{"line":9,"column":53}},"7":{"start":{"line":10,"column":4},"end":{"line":10,"column":28}},"8":{"start":{"line":11,"column":4},"end":{"line":11,"column":35}},"9":{"start":{"line":12,"column":4},"end":{"line":12,"column":27}},"10":{"start":{"line":13,"column":4},"end":{"line":13,"column":30}},"11":{"start":{"line":17,"column":23},"end":{"line":23,"column":1}},"12":{"start":{"line":18,"column":2},"end":{"line":18,"column":31}},"13":{"start":{"line":19,"column":2},"end":{"line":19,"column":14}},"14":{"start":{"line":20,"column":17},"end":{"line":20,"column":55}},"15":{"start":{"line":21,"column":2},"end":{"line":21,"column":40}},"16":{"start":{"line":22,"column":2},"end":{"line":22,"column":62}}},"fnMap":{"0":{"name":"(anonymous_0)","decl":{"start":{"line":4,"column":24},"end":{"line":4,"column":25}},"loc":{"start":{"line":4,"column":49},"end":{"line":15,"column":1}},"line":4},"1":{"name":"(anonymous_1)","decl":{"start":{"line":17,"column":23},"end":{"line":17,"column":24}},"loc":{"start":{"line":17,"column":32},"end":{"line":23,"column":1}},"line":17}},"branchMap":{},"s":{"0":1,"1":2,"2":2,"3":1,"4":1,"5":1,"6":1,"7":1,"8":1,"9":1,"10":1,"11":1,"12":2,"13":2,"14":2,"15":2,"16":2},"f":{"0":2,"1":2},"b":{},"_coverageSchema":"1a1c01bbd47fc00a2c39e90264f33305004495a9","hash":"7e0ac1f05f0bd195cf302c3c03ff548794d7bc84"}
,"/home/khuraijam/Microverse/Module2/To-do-List/src/modules/reset_functions.js": {"path":"/home/khuraijam/Microverse/Module2/To-do-List/src/modules/reset_functions.js","statementMap":{"0":{"start":{"line":3,"column":19},"end":{"line":6,"column":1}},"1":{"start":{"line":4,"column":18},"end":{"line":4,"column":53}},"2":{"start":{"line":5,"column":2},"end":{"line":5,"column":25}},"3":{"start":{"line":8,"column":18},"end":{"line":20,"column":1}},"4":{"start":{"line":9,"column":16},"end":{"line":9,"column":72}},"5":{"start":{"line":11,"column":2},"end":{"line":19,"column":5}},"6":{"start":{"line":12,"column":4},"end":{"line":12,"column":65}},"7":{"start":{"line":13,"column":18},"end":{"line":13,"column":78}},"8":{"start":{"line":14,"column":4},"end":{"line":18,"column":5}},"9":{"start":{"line":15,"column":6},"end":{"line":15,"column":38}},"10":{"start":{"line":17,"column":6},"end":{"line":17,"column":51}}},"fnMap":{"0":{"name":"(anonymous_0)","decl":{"start":{"line":3,"column":19},"end":{"line":3,"column":20}},"loc":{"start":{"line":3,"column":25},"end":{"line":6,"column":1}},"line":3},"1":{"name":"(anonymous_1)","decl":{"start":{"line":8,"column":18},"end":{"line":8,"column":19}},"loc":{"start":{"line":8,"column":24},"end":{"line":20,"column":1}},"line":8},"2":{"name":"(anonymous_2)","decl":{"start":{"line":11,"column":16},"end":{"line":11,"column":17}},"loc":{"start":{"line":11,"column":26},"end":{"line":19,"column":3}},"line":11}},"branchMap":{"0":{"loc":{"start":{"line":14,"column":4},"end":{"line":18,"column":5}},"type":"if","locations":[{"start":{"line":14,"column":4},"end":{"line":18,"column":5}},{"start":{"line":16,"column":11},"end":{"line":18,"column":5}}],"line":14}},"s":{"0":1,"1":0,"2":0,"3":1,"4":0,"5":0,"6":0,"7":0,"8":0,"9":0,"10":0},"f":{"0":0,"1":0,"2":0},"b":{"0":[0,0]},"_coverageSchema":"1a1c01bbd47fc00a2c39e90264f33305004495a9","hash":"4d7eebcbadc1640950c6e31dc66496b9b7f70ab8"}
,"/home/khuraijam/Microverse/Module2/To-do-List/src/modules/saveLocal.js": {"path":"/home/khuraijam/Microverse/Module2/To-do-List/src/modules/saveLocal.js","statementMap":{"0":{"start":{"line":3,"column":18},"end":{"line":5,"column":1}},"1":{"start":{"line":4,"column":2},"end":{"line":4,"column":71}}},"fnMap":{"0":{"name":"(anonymous_0)","decl":{"start":{"line":3,"column":18},"end":{"line":3,"column":19}},"loc":{"start":{"line":3,"column":24},"end":{"line":5,"column":1}},"line":3}},"branchMap":{},"s":{"0":1,"1":8},"f":{"0":8},"b":{},"_coverageSchema":"1a1c01bbd47fc00a2c39e90264f33305004495a9","hash":"abfa0d45eeb93ef368a893e72e74aee75f15bd5c"}
,"/home/khuraijam/Microverse/Module2/To-do-List/src/modules/to_addEvents.js": {"path":"/home/khuraijam/Microverse/Module2/To-do-List/src/modules/to_addEvents.js","statementMap":{"0":{"start":{"line":6,"column":22},"end":{"line":13,"column":1}},"1":{"start":{"line":7,"column":16},"end":{"line":7,"column":51}},"2":{"start":{"line":8,"column":15},"end":{"line":8,"column":55}},"3":{"start":{"line":9,"column":2},"end":{"line":9,"column":14}},"4":{"start":{"line":10,"column":2},"end":{"line":10,"column":50}},"5":{"start":{"line":11,"column":2},"end":{"line":11,"column":34}},"6":{"start":{"line":12,"column":2},"end":{"line":12,"column":22}},"7":{"start":{"line":15,"column":24},"end":{"line":34,"column":1}},"8":{"start":{"line":16,"column":20},"end":{"line":16,"column":56}},"9":{"start":{"line":17,"column":19},"end":{"line":17,"column":58}},"10":{"start":{"line":18,"column":15},"end":{"line":18,"column":62}},"11":{"start":{"line":20,"column":2},"end":{"line":29,"column":3}},"12":{"start":{"line":21,"column":4},"end":{"line":21,"column":54}},"13":{"start":{"line":22,"column":4},"end":{"line":22,"column":59}},"14":{"start":{"line":24,"column":4},"end":{"line":24,"column":66}},"15":{"start":{"line":25,"column":4},"end":{"line":25,"column":47}},"16":{"start":{"line":26,"column":4},"end":{"line":26,"column":16}},"17":{"start":{"line":27,"column":4},"end":{"line":27,"column":71}},"18":{"start":{"line":28,"column":4},"end":{"line":28,"column":44}},"19":{"start":{"line":30,"column":2},"end":{"line":30,"column":37}},"20":{"start":{"line":31,"column":2},"end":{"line":31,"column":47}},"21":{"start":{"line":32,"column":2},"end":{"line":32,"column":19}},"22":{"start":{"line":33,"column":2},"end":{"line":33,"column":31}},"23":{"start":{"line":36,"column":22},"end":{"line":51,"column":1}},"24":{"start":{"line":37,"column":18},"end":{"line":37,"column":29}},"25":{"start":{"line":38,"column":21},"end":{"line":38,"column":61}},"26":{"start":{"line":39,"column":2},"end":{"line":39,"column":53}},"27":{"start":{"line":40,"column":2},"end":{"line":40,"column":14}},"28":{"start":{"line":41,"column":15},"end":{"line":41,"column":57}},"29":{"start":{"line":42,"column":19},"end":{"line":42,"column":61}},"30":{"start":{"line":43,"column":2},"end":{"line":43,"column":41}},"31":{"start":{"line":44,"column":2},"end":{"line":44,"column":14}},"32":{"start":{"line":45,"column":2},"end":{"line":45,"column":63}},"33":{"start":{"line":46,"column":2},"end":{"line":50,"column":3}},"34":{"start":{"line":47,"column":4},"end":{"line":47,"column":36}},"35":{"start":{"line":49,"column":4},"end":{"line":49,"column":49}},"36":{"start":{"line":53,"column":27},"end":{"line":63,"column":1}},"37":{"start":{"line":54,"column":16},"end":{"line":54,"column":27}},"38":{"start":{"line":55,"column":14},"end":{"line":55,"column":41}},"39":{"start":{"line":56,"column":15},"end":{"line":56,"column":45}},"40":{"start":{"line":57,"column":2},"end":{"line":61,"column":3}},"41":{"start":{"line":58,"column":4},"end":{"line":58,"column":51}},"42":{"start":{"line":60,"column":4},"end":{"line":60,"column":24}},"43":{"start":{"line":62,"column":2},"end":{"line":62,"column":22}},"44":{"start":{"line":65,"column":18},"end":{"line":73,"column":1}},"45":{"start":{"line":66,"column":17},"end":{"line":66,"column":45}},"46":{"start":{"line":67,"column":19},"end":{"line":67,"column":57}},"47":{"start":{"line":68,"column":22},"end":{"line":68,"column":60}},"48":{"start":{"line":69,"column":2},"end":{"line":69,"column":52}},"49":{"start":{"line":70,"column":2},"end":{"line":70,"column":55}},"50":{"start":{"line":71,"column":2},"end":{"line":71,"column":60}},"51":{"start":{"line":72,"column":2},"end":{"line":72,"column":51}}},"fnMap":{"0":{"name":"(anonymous_0)","decl":{"start":{"line":6,"column":22},"end":{"line":6,"column":23}},"loc":{"start":{"line":6,"column":29},"end":{"line":13,"column":1}},"line":6},"1":{"name":"(anonymous_1)","decl":{"start":{"line":15,"column":24},"end":{"line":15,"column":25}},"loc":{"start":{"line":15,"column":31},"end":{"line":34,"column":1}},"line":15},"2":{"name":"(anonymous_2)","decl":{"start":{"line":36,"column":22},"end":{"line":36,"column":23}},"loc":{"start":{"line":36,"column":29},"end":{"line":51,"column":1}},"line":36},"3":{"name":"(anonymous_3)","decl":{"start":{"line":53,"column":27},"end":{"line":53,"column":28}},"loc":{"start":{"line":53,"column":34},"end":{"line":63,"column":1}},"line":53},"4":{"name":"(anonymous_4)","decl":{"start":{"line":65,"column":18},"end":{"line":65,"column":19}},"loc":{"start":{"line":65,"column":27},"end":{"line":73,"column":1}},"line":65}},"branchMap":{"0":{"loc":{"start":{"line":20,"column":2},"end":{"line":29,"column":3}},"type":"if","locations":[{"start":{"line":20,"column":2},"end":{"line":29,"column":3}},{"start":{"line":23,"column":9},"end":{"line":29,"column":3}}],"line":20},"1":{"loc":{"start":{"line":46,"column":2},"end":{"line":50,"column":3}},"type":"if","locations":[{"start":{"line":46,"column":2},"end":{"line":50,"column":3}},{"start":{"line":48,"column":9},"end":{"line":50,"column":3}}],"line":46},"2":{"loc":{"start":{"line":57,"column":2},"end":{"line":61,"column":3}},"type":"if","locations":[{"start":{"line":57,"column":2},"end":{"line":61,"column":3}},{"start":{"line":59,"column":9},"end":{"line":61,"column":3}}],"line":57}},"s":{"0":1,"1":0,"2":0,"3":0,"4":0,"5":0,"6":0,"7":1,"8":0,"9":0,"10":0,"11":0,"12":0,"13":0,"14":0,"15":0,"16":0,"17":0,"18":0,"19":0,"20":0,"21":0,"22":0,"23":1,"24":0,"25":0,"26":0,"27":0,"28":0,"29":0,"30":0,"31":0,"32":0,"33":0,"34":0,"35":0,"36":1,"37":0,"38":0,"39":0,"40":0,"41":0,"42":0,"43":0,"44":1,"45":2,"46":2,"47":2,"48":2,"49":2,"50":2,"51":2},"f":{"0":0,"1":0,"2":0,"3":0,"4":2},"b":{"0":[0,0],"1":[0,0],"2":[0,0]},"_coverageSchema":"1a1c01bbd47fc00a2c39e90264f33305004495a9","hash":"2559d6a2ce7d1c3f4190385eeca7375cdc3d1fc4"}
,"/home/khuraijam/Microverse/Module2/To-do-List/src/modules/to_class.js": {"path":"/home/khuraijam/Microverse/Module2/To-do-List/src/modules/to_class.js","statementMap":{"0":{"start":{"line":4,"column":4},"end":{"line":4,"column":20}},"1":{"start":{"line":8,"column":4},"end":{"line":12,"column":6}},"2":{"start":{"line":16,"column":4},"end":{"line":16,"column":83}},"3":{"start":{"line":16,"column":47},"end":{"line":16,"column":66}},"4":{"start":{"line":16,"column":67},"end":{"line":16,"column":79}},"5":{"start":{"line":20,"column":4},"end":{"line":20,"column":47}},"6":{"start":{"line":24,"column":4},"end":{"line":24,"column":35}},"7":{"start":{"line":25,"column":4},"end":{"line":25,"column":23}},"8":{"start":{"line":29,"column":4},"end":{"line":29,"column":65}},"9":{"start":{"line":29,"column":42},"end":{"line":29,"column":63}},"10":{"start":{"line":30,"column":4},"end":{"line":30,"column":23}},"11":{"start":{"line":34,"column":4},"end":{"line":34,"column":45}},"12":{"start":{"line":38,"column":17},"end":{"line":38,"column":31}},"13":{"start":{"line":42,"column":0},"end":{"line":46,"column":1}},"14":{"start":{"line":43,"column":2},"end":{"line":43,"column":68}},"15":{"start":{"line":45,"column":2},"end":{"line":45,"column":22}}},"fnMap":{"0":{"name":"(anonymous_0)","decl":{"start":{"line":3,"column":2},"end":{"line":3,"column":3}},"loc":{"start":{"line":3,"column":16},"end":{"line":5,"column":3}},"line":3},"1":{"name":"(anonymous_1)","decl":{"start":{"line":7,"column":2},"end":{"line":7,"column":3}},"loc":{"start":{"line":7,"column":23},"end":{"line":13,"column":3}},"line":7},"2":{"name":"(anonymous_2)","decl":{"start":{"line":15,"column":2},"end":{"line":15,"column":3}},"loc":{"start":{"line":15,"column":16},"end":{"line":17,"column":3}},"line":15},"3":{"name":"(anonymous_3)","decl":{"start":{"line":16,"column":32},"end":{"line":16,"column":33}},"loc":{"start":{"line":16,"column":45},"end":{"line":16,"column":81}},"line":16},"4":{"name":"(anonymous_4)","decl":{"start":{"line":19,"column":2},"end":{"line":19,"column":3}},"loc":{"start":{"line":19,"column":23},"end":{"line":21,"column":3}},"line":19},"5":{"name":"(anonymous_5)","decl":{"start":{"line":23,"column":2},"end":{"line":23,"column":3}},"loc":{"start":{"line":23,"column":23},"end":{"line":26,"column":3}},"line":23},"6":{"name":"(anonymous_6)","decl":{"start":{"line":28,"column":2},"end":{"line":28,"column":3}},"loc":{"start":{"line":28,"column":19},"end":{"line":31,"column":3}},"line":28},"7":{"name":"(anonymous_7)","decl":{"start":{"line":29,"column":35},"end":{"line":29,"column":36}},"loc":{"start":{"line":29,"column":42},"end":{"line":29,"column":63}},"line":29},"8":{"name":"(anonymous_8)","decl":{"start":{"line":33,"column":2},"end":{"line":33,"column":3}},"loc":{"start":{"line":33,"column":14},"end":{"line":35,"column":3}},"line":33}},"branchMap":{"0":{"loc":{"start":{"line":9,"column":13},"end":{"line":9,"column":39}},"type":"binary-expr","locations":[{"start":{"line":9,"column":13},"end":{"line":9,"column":34}},{"start":{"line":9,"column":38},"end":{"line":9,"column":39}}],"line":9},"1":{"loc":{"start":{"line":42,"column":0},"end":{"line":46,"column":1}},"type":"if","locations":[{"start":{"line":42,"column":0},"end":{"line":46,"column":1}},{"start":{"line":44,"column":7},"end":{"line":46,"column":1}}],"line":42}},"s":{"0":1,"1":2,"2":2,"3":1,"4":1,"5":2,"6":2,"7":2,"8":0,"9":0,"10":0,"11":2,"12":1,"13":1,"14":0,"15":1},"f":{"0":1,"1":2,"2":2,"3":1,"4":2,"5":2,"6":0,"7":0,"8":2},"b":{"0":[2,0],"1":[0,1]},"_coverageSchema":"1a1c01bbd47fc00a2c39e90264f33305004495a9","hash":"732711f9b529cb6b0787362e7706af7e02f22368"}
}
